<?xml version="1.0" encoding="UTF-8"?>
<testsuite name="allnew.okk.Week1OliwierTests" tests="5" skipped="0" failures="0" errors="0" timestamp="2026-03-08T10:30:15.575Z" hostname="DESKTOP-3JNGKVA" time="0.027">
  <properties/>
  <testcase name="TestPrototypeCompanyAccount()" classname="allnew.okk.Week1OliwierTests" time="0.013"/>
  <testcase name="TestSingletonForPrivateAccount()" classname="allnew.okk.Week1OliwierTests" time="0.004"/>
  <testcase name="TestSingletonForCompanyAccount()" classname="allnew.okk.Week1OliwierTests" time="0.0"/>
  <testcase name="testBuildAndFactoryForCreatingPrivateAccount()" classname="allnew.okk.Week1OliwierTests" time="0.0"/>
  <testcase name="testBuildAndFactoryForCreatingCompanyAccount()" classname="allnew.okk.Week1OliwierTests" time="0.0"/>
  <system-out><![CDATA[]]></system-out>
  <system-err><![CDATA[]]></system-err>
</testsuite>
