<?xml version="1.0" encoding="UTF-8"?>
<testsuite name="allnew.okk.Week1MarciniukTests" tests="11" skipped="0" failures="0" errors="0" timestamp="2026-03-09T22:41:13.248Z" hostname="DESKTOP-3JNGKVA" time="0.036">
  <properties/>
  <testcase name="testRepositoryGetAllProducts()" classname="allnew.okk.Week1MarciniukTests" time="0.014"/>
  <testcase name="testProductServiceDuplicationToRepository()" classname="allnew.okk.Week1MarciniukTests" time="0.004"/>
  <testcase name="testFactoryCompanyProductCreation()" classname="allnew.okk.Week1MarciniukTests" time="0.002"/>
  <testcase name="testRepositoryUpdateProduct()" classname="allnew.okk.Week1MarciniukTests" time="0.0"/>
  <testcase name="testFactoryCompanyProductCreationWithCustomValues()" classname="allnew.okk.Week1MarciniukTests" time="0.0"/>
  <testcase name="testFactoryPrivateProductCreationWithCustomValues()" classname="allnew.okk.Week1MarciniukTests" time="0.001"/>
  <testcase name="testRepositoryRemoval()" classname="allnew.okk.Week1MarciniukTests" time="0.001"/>
  <testcase name="testFactoryPrivateProductCloning()" classname="allnew.okk.Week1MarciniukTests" time="0.001"/>
  <testcase name="testFactoryPrivateProductCreation()" classname="allnew.okk.Week1MarciniukTests" time="0.0"/>
  <testcase name="testFactorySingleton()" classname="allnew.okk.Week1MarciniukTests" time="0.001"/>
  <testcase name="testRepositoryClear()" classname="allnew.okk.Week1MarciniukTests" time="0.0"/>
  <system-out><![CDATA[]]></system-out>
  <system-err><![CDATA[]]></system-err>
</testsuite>
